SF:lib/feature/native/domain/models/channel_communication.model.dart
DA:18,1
DA:22,1
DA:23,1
DA:26,2
DA:28,2
DA:30,4
DA:36,3
DA:40,4
DA:41,2
DA:44,1
DA:45,1
DA:46,1
DA:53,2
DA:55,2
DA:61,2
DA:63,2
DA:65,4
DA:66,2
DA:73,1
DA:75,1
DA:81,2
DA:83,1
DA:85,1
DA:86,1
DA:87,1
DA:90,2
DA:91,1
DA:103,1
DA:106,1
DA:108,1
DA:109,1
DA:110,1
DA:111,1
DA:114,2
DA:115,1
DA:116,1
DA:119,1
DA:120,1
DA:121,1
DA:122,1
LF:40
LH:40
end_of_record
SF:lib/feature/native/domain/models/message_extension.model.dart
DA:6,2
DA:7,12
DA:10,2
DA:11,6
DA:17,2
DA:18,2
DA:20,2
DA:21,1
DA:26,2
DA:27,1
DA:28,2
DA:29,2
DA:30,2
DA:33,1
LF:14
LH:14
end_of_record
SF:lib/feature/native/domain/views/generated/google/protobuf/any.pb.dart
DA:15,3
DA:16,1
DA:17,1
DA:18,1
DA:21,2
DA:22,0
DA:26,0
DA:28,0
DA:31,0
DA:35,0
DA:36,0
DA:37,0
DA:41,0
DA:42,0
DA:46,0
DA:47,2
DA:48,1
DA:49,1
DA:50,0
DA:51,0
DA:52,0
DA:53,0
DA:56,1
DA:57,1
DA:58,1
DA:59,1
DA:60,0
DA:61,0
DA:62,0
DA:63,0
DA:65,1
DA:66,1
DA:67,1
DA:68,1
DA:69,0
DA:70,0
DA:71,0
DA:72,0
DA:77,1
DA:79,1
DA:80,1
LF:41
LH:19
end_of_record
SF:lib/feature/native/domain/views/generated/google/protobuf/timestamp.pb.dart
DA:16,6
DA:27,2
DA:32,2
DA:38,2
DA:40,4
DA:41,0
DA:45,0
DA:47,0
DA:50,0
DA:54,0
DA:56,0
DA:57,0
DA:59,0
DA:60,0
DA:63,0
DA:64,0
DA:68,0
DA:70,4
DA:71,2
DA:72,2
DA:73,0
DA:74,0
DA:75,0
DA:77,0
DA:80,1
DA:81,1
DA:82,2
DA:84,2
DA:87,0
DA:88,0
DA:89,0
DA:90,0
DA:92,1
DA:93,1
DA:94,2
DA:96,2
DA:99,0
DA:100,0
DA:101,0
DA:102,0
DA:107,2
DA:108,2
DA:109,2
LF:43
LH:19
end_of_record
SF:lib/feature/native/domain/views/generated/proto/message.pb.dart
DA:20,6
DA:21,2
DA:22,2
DA:23,2
DA:24,2
DA:25,2
DA:26,2
DA:27,2
DA:28,2
DA:29,2
DA:32,4
DA:33,2
DA:43,2
DA:45,2
DA:48,2
DA:51,2
DA:54,2
DA:57,2
DA:60,2
DA:63,2
DA:66,0
DA:70,0
DA:71,0
DA:72,0
DA:76,0
DA:77,0
DA:81,0
DA:82,4
DA:83,2
DA:84,2
DA:85,0
DA:86,0
DA:87,0
DA:88,0
DA:91,1
DA:92,1
DA:93,2
DA:94,2
DA:95,0
DA:96,0
DA:97,0
DA:98,0
DA:100,0
DA:101,0
DA:102,2
DA:103,2
DA:104,0
DA:105,0
DA:106,0
DA:107,0
DA:109,1
DA:110,1
DA:111,2
DA:112,2
DA:113,0
DA:114,0
DA:115,0
DA:116,0
DA:118,1
DA:119,1
DA:120,2
DA:121,2
DA:122,0
DA:123,0
DA:124,0
DA:125,0
DA:127,1
DA:128,1
DA:129,2
DA:130,2
DA:131,0
DA:132,0
DA:133,0
DA:134,0
DA:135,0
DA:136,0
DA:138,0
DA:139,0
DA:140,2
DA:141,2
DA:142,0
DA:143,0
DA:144,0
DA:145,0
DA:147,0
DA:148,0
DA:149,2
DA:150,2
DA:151,0
DA:152,0
DA:153,0
DA:154,0
DA:156,1
DA:157,1
DA:158,1
DA:159,1
DA:160,0
DA:161,0
DA:162,0
DA:163,0
DA:167,6
DA:168,2
DA:169,2
DA:170,2
DA:171,2
DA:174,4
DA:175,1
DA:180,1
DA:182,1
DA:185,1
DA:188,1
DA:192,0
DA:193,0
DA:194,0
DA:198,0
DA:199,0
DA:203,0
DA:204,4
DA:205,2
DA:206,2
DA:207,0
DA:208,0
DA:209,0
DA:210,0
DA:213,1
DA:214,1
DA:215,1
DA:216,1
DA:217,0
DA:218,0
DA:219,0
DA:220,0
DA:222,2
DA:223,2
DA:224,1
DA:225,1
DA:226,0
DA:227,0
DA:228,0
DA:229,0
DA:231,1
DA:232,1
DA:233,1
DA:234,1
DA:235,0
DA:236,0
DA:237,0
DA:238,0
DA:242,6
DA:243,2
DA:244,2
DA:245,2
DA:246,2
DA:249,4
DA:250,1
DA:255,1
DA:257,0
DA:260,1
DA:263,0
DA:267,0
DA:268,0
DA:269,0
DA:273,0
DA:274,0
DA:278,0
DA:279,4
DA:280,2
DA:281,2
DA:282,0
DA:283,0
DA:284,0
DA:285,0
DA:288,0
DA:289,0
DA:290,0
DA:291,0
DA:292,0
DA:293,0
DA:294,0
DA:295,0
DA:297,2
DA:298,2
DA:299,1
DA:300,1
DA:301,0
DA:302,0
DA:303,0
DA:304,0
DA:306,0
DA:307,0
DA:308,0
DA:309,0
DA:310,0
DA:311,0
DA:312,0
DA:313,0
DA:314,0
DA:315,0
DA:319,6
DA:320,2
DA:321,2
DA:322,2
DA:325,4
DA:326,2
DA:330,2
DA:332,1
DA:335,1
DA:339,0
DA:340,0
DA:341,0
DA:345,0
DA:346,0
DA:350,0
DA:351,4
DA:352,2
DA:353,2
DA:354,0
DA:355,0
DA:356,0
DA:357,0
DA:360,2
DA:361,2
DA:362,1
DA:363,1
DA:364,0
DA:365,0
DA:366,0
DA:367,0
DA:368,0
DA:369,0
DA:371,2
DA:372,2
DA:373,1
DA:374,1
DA:375,0
DA:376,0
DA:377,0
DA:378,0
DA:379,0
DA:380,0
DA:384,3
DA:385,1
DA:386,1
DA:389,2
DA:390,1
DA:393,1
DA:395,1
DA:399,0
DA:400,0
DA:401,0
DA:405,0
DA:406,0
DA:410,0
DA:411,2
DA:412,1
DA:413,1
DA:414,0
DA:415,0
DA:416,0
DA:417,0
DA:420,1
DA:421,1
DA:422,1
DA:423,1
DA:424,0
DA:425,0
DA:426,0
DA:427,0
DA:431,3
DA:432,1
DA:433,1
DA:434,1
DA:437,2
DA:438,1
DA:442,1
DA:444,1
DA:447,1
DA:451,0
DA:452,0
DA:453,0
DA:457,0
DA:458,0
DA:462,0
DA:463,2
DA:464,1
DA:465,1
DA:466,0
DA:467,0
DA:468,0
DA:469,0
DA:472,0
DA:473,0
DA:474,1
DA:475,1
DA:476,0
DA:477,0
DA:478,0
DA:479,0
DA:481,1
DA:482,1
DA:483,1
DA:484,1
DA:485,0
DA:486,0
DA:487,0
DA:488,0
DA:489,0
DA:490,0
DA:494,6
DA:495,2
DA:496,2
DA:497,2
DA:498,2
DA:501,4
DA:502,2
DA:507,2
DA:509,2
DA:512,2
DA:515,0
DA:519,3
DA:520,0
DA:521,0
DA:525,0
DA:526,0
DA:530,0
DA:531,4
DA:532,2
DA:533,2
DA:534,0
DA:535,0
DA:536,0
DA:537,0
DA:540,1
DA:541,1
DA:542,2
DA:543,2
DA:544,0
DA:545,0
DA:546,0
DA:547,0
DA:548,0
DA:549,0
DA:551,2
DA:552,2
DA:553,2
DA:554,2
DA:555,0
DA:556,0
DA:557,0
DA:558,0
DA:559,0
DA:560,0
DA:562,1
DA:563,1
DA:564,1
DA:565,1
DA:566,0
DA:567,0
DA:568,0
DA:569,0
DA:570,0
DA:571,0
LF:362
LH:169
end_of_record
SF:lib/feature/native/domain/views/generated/proto/message.pbenum.dart
DA:21,3
DA:22,3
DA:24,4
LF:3
LH:3
end_of_record
SF:lib/feature/native/environment/native_communication.config.dart
DA:7,6
DA:8,6
LF:2
LH:2
end_of_record
SF:lib/feature/native/infrastructure/services/callback_controller.service.dart
DA:12,6
DA:14,2
DA:15,2
DA:18,2
DA:22,2
DA:24,1
DA:25,2
DA:28,1
DA:30,2
DA:33,0
DA:35,0
DA:38,1
DA:39,1
DA:40,1
DA:41,2
DA:43,3
DA:45,3
DA:49,2
DA:51,1
DA:52,0
DA:57,5
DA:59,0
DA:61,0
DA:67,5
DA:72,2
DA:73,1
DA:74,2
DA:79,0
DA:83,0
DA:89,1
DA:91,2
DA:97,1
DA:104,1
DA:105,6
DA:106,1
DA:108,0
DA:109,0
DA:115,6
DA:116,2
DA:119,0
DA:121,0
DA:127,1
DA:131,4
DA:132,0
DA:136,2
DA:138,4
DA:140,2
DA:142,6
DA:145,1
DA:147,2
DA:148,7
LF:51
LH:39
end_of_record
SF:lib/feature/native/infrastructure/services/entrypoint.service.dart
DA:7,2
DA:13,2
DA:27,2
DA:33,2
DA:34,2
DA:41,2
DA:42,2
DA:45,2
DA:52,1
DA:56,3
DA:57,2
DA:58,1
DA:61,1
DA:66,2
DA:68,1
DA:69,3
DA:71,3
DA:73,4
DA:75,3
DA:77,1
DA:80,1
DA:83,1
DA:85,2
DA:87,1
DA:89,3
DA:91,1
DA:99,0
DA:101,0
DA:108,1
DA:109,1
DA:110,1
DA:111,1
DA:112,2
DA:113,1
DA:120,1
DA:126,3
DA:128,1
DA:131,1
DA:132,1
DA:136,1
DA:140,1
DA:142,1
DA:148,1
LF:43
LH:41
end_of_record
SF:lib/feature/native/infrastructure/services/platform.service.dart
DA:11,2
DA:14,6
DA:15,2
DA:16,4
DA:25,2
DA:37,6
DA:39,6
DA:41,2
DA:45,1
DA:48,2
DA:50,2
DA:52,4
DA:54,4
DA:55,2
DA:56,4
DA:58,6
DA:62,8
DA:64,8
DA:66,2
DA:69,1
DA:70,1
DA:73,1
DA:74,3
DA:76,3
DA:77,1
DA:80,1
DA:83,2
DA:85,1
DA:87,4
LF:29
LH:29
end_of_record
SF:lib/feature/native/domain/interfaces/i_entrypoint.service.interface.dart
DA:11,2
LF:1
LH:1
end_of_record
