TN:
SF:lib/feature/native/domain/interfaces/i_entrypoint.service.interface.dart
FNF:0
FNH:0
DA:11,2
LF:1
LH:1
end_of_record
TN:
SF:lib/feature/native/domain/models/channel_communication.model.dart
FNF:0
FNH:0
DA:18,1
DA:22,1
DA:23,1
DA:26,2
DA:28,2
DA:30,4
DA:36,3
DA:40,4
DA:41,2
DA:44,1
DA:45,1
DA:46,1
DA:53,2
DA:55,2
DA:61,2
DA:63,2
DA:65,4
DA:66,2
DA:73,1
DA:75,1
DA:81,2
DA:83,1
DA:85,1
DA:86,1
DA:87,1
DA:90,2
DA:91,1
DA:103,1
DA:106,1
DA:108,1
DA:109,1
DA:110,1
DA:111,1
DA:114,2
DA:115,1
DA:116,1
DA:119,1
DA:120,1
DA:121,1
DA:122,1
LF:40
LH:40
end_of_record
TN:
SF:lib/feature/native/domain/models/message_extension.model.dart
FNF:0
FNH:0
DA:6,2
DA:7,12
DA:10,2
DA:11,6
DA:17,2
DA:18,2
DA:20,2
DA:21,1
DA:26,2
DA:27,1
DA:28,2
DA:29,2
DA:30,2
DA:33,1
LF:14
LH:14
end_of_record
TN:
SF:lib/feature/native/environment/native_communication.config.dart
FNF:0
FNH:0
DA:7,6
DA:8,6
LF:2
LH:2
end_of_record
TN:
SF:lib/feature/native/infrastructure/services/callback_controller.service.dart
FNF:0
FNH:0
DA:12,6
DA:14,2
DA:15,2
DA:18,2
DA:22,2
DA:24,1
DA:25,2
DA:28,1
DA:30,2
DA:33,0
DA:35,0
DA:38,1
DA:39,1
DA:40,1
DA:41,2
DA:43,3
DA:45,3
DA:49,2
DA:51,1
DA:52,0
DA:57,5
DA:59,0
DA:61,0
DA:67,5
DA:72,2
DA:73,1
DA:74,2
DA:79,0
DA:83,0
DA:89,1
DA:91,2
DA:97,1
DA:104,1
DA:105,6
DA:106,1
DA:108,0
DA:109,0
DA:115,6
DA:116,2
DA:119,0
DA:121,0
DA:127,1
DA:131,4
DA:132,0
DA:136,2
DA:138,4
DA:140,2
DA:142,6
DA:145,1
DA:147,2
DA:148,7
LF:51
LH:39
end_of_record
TN:
SF:lib/feature/native/infrastructure/services/entrypoint.service.dart
FNF:0
FNH:0
DA:7,2
DA:13,2
DA:27,2
DA:33,2
DA:34,2
DA:41,2
DA:42,2
DA:45,2
DA:52,1
DA:56,3
DA:57,2
DA:58,1
DA:61,1
DA:66,2
DA:68,1
DA:69,3
DA:71,3
DA:73,4
DA:75,3
DA:77,1
DA:80,1
DA:83,1
DA:85,2
DA:87,1
DA:89,3
DA:91,1
DA:99,0
DA:101,0
DA:108,1
DA:109,1
DA:110,1
DA:111,1
DA:112,2
DA:113,1
DA:120,1
DA:126,3
DA:128,1
DA:131,1
DA:132,1
DA:136,1
DA:140,1
DA:142,1
DA:148,1
LF:43
LH:41
end_of_record
TN:
SF:lib/feature/native/infrastructure/services/platform.service.dart
FNF:0
FNH:0
DA:11,2
DA:14,6
DA:15,2
DA:16,4
DA:25,2
DA:37,6
DA:39,6
DA:41,2
DA:45,1
DA:48,2
DA:50,2
DA:52,4
DA:54,4
DA:55,2
DA:56,4
DA:58,6
DA:62,8
DA:64,8
DA:66,2
DA:69,1
DA:70,1
DA:73,1
DA:74,3
DA:76,3
DA:77,1
DA:80,1
DA:83,2
DA:85,1
DA:87,4
LF:29
LH:29
end_of_record
